[debug] [2020-03-29T23:33:28.282Z] ----------------------------------------------------------------------
[debug] [2020-03-29T23:33:28.284Z] Command:       C:\Program Files\nodejs\node.exe C:\Users\hp\AppData\Roaming\npm\node_modules\firebase-tools\lib\bin\firebase.js deploy
[debug] [2020-03-29T23:33:28.284Z] CLI Version:   7.16.1
[debug] [2020-03-29T23:33:28.284Z] Platform:      win32
[debug] [2020-03-29T23:33:28.284Z] Node Version:  v10.15.0
[debug] [2020-03-29T23:33:28.285Z] Time:          Mon Mar 30 2020 01:33:28 GMT+0200 (Eastern European Standard Time)
[debug] [2020-03-29T23:33:28.285Z] ----------------------------------------------------------------------
[debug] [2020-03-29T23:33:28.285Z] 
[debug] [2020-03-29T23:33:28.295Z] > command requires scopes: ["email","openid","https://www.googleapis.com/auth/cloudplatformprojects.readonly","https://www.googleapis.com/auth/firebase","https://www.googleapis.com/auth/cloud-platform"]
[debug] [2020-03-29T23:33:28.296Z] > authorizing via signed-in user
[debug] [2020-03-29T23:33:28.296Z] [iam] checking project science-lab-7f0aa for permissions ["firebase.projects.get","firebasehosting.sites.update"]
[debug] [2020-03-29T23:33:28.299Z] >>> HTTP REQUEST POST https://cloudresourcemanager.googleapis.com/v1/projects/science-lab-7f0aa:testIamPermissions  

[debug] [2020-03-29T23:33:29.724Z] <<< HTTP RESPONSE 200
[debug] [2020-03-29T23:33:29.727Z] >>> HTTP REQUEST GET https://firebase.googleapis.com/v1beta1/projects/science-lab-7f0aa  
 
[debug] [2020-03-29T23:33:30.276Z] <<< HTTP RESPONSE 200
[info] 
[info] === Deploying to 'science-lab-7f0aa'...
[info] 
[info] i  deploying hosting
[debug] [2020-03-29T23:33:30.281Z] >>> HTTP REQUEST POST https://firebasehosting.googleapis.com/v1beta1/sites/science-lab-7f0aa/versions  

[debug] [2020-03-29T23:33:32.828Z] <<< HTTP RESPONSE 200
[info] i  hosting[science-lab-7f0aa]: beginning deploy...
[info] i  hosting[science-lab-7f0aa]: found 417 files in dist
[debug] [2020-03-29T23:33:32.953Z] [hosting] hash cache [ZGlzdA] stored for 417 files
[debug] [2020-03-29T23:33:32.953Z] [hosting][hash queue][FINAL]
[debug] [2020-03-29T23:33:32.953Z] >>> HTTP REQUEST POST https://firebasehosting.googleapis.com/v1beta1/sites/science-lab-7f0aa/versions/a6a89f5158a5f680:populateFiles  
 <request body omitted>
[debug] [2020-03-29T23:33:36.126Z] <<< HTTP RESPONSE 200
[debug] [2020-03-29T23:33:36.188Z] [hosting][populate queue][FINAL]
[debug] [2020-03-29T23:33:36.189Z] [hosting] uploads queued: 94
[debug] [2020-03-29T23:33:47.941Z] [uploadQueue] Retrying task cc636db1163836db6bf629a828135791f650e66a3440755cfbd4648e79cb09e9
[debug] [2020-03-29T23:33:47.958Z] [uploadQueue] Retrying task 0e515fcfc59d4744366d362d5d28ed79692a1e7f43a7d97d17f465e48232847c
[debug] [2020-03-29T23:33:47.958Z] [uploadQueue] Retrying task cfafe24a179b552cb0a68b20b8ed1eefae1fc13283936b1bd35cc1693c3ddd59
[debug] [2020-03-29T23:33:47.965Z] [uploadQueue] Retrying task 9a2712592e012da00ef44c97cca88ec56cb1745bbef33e9566b6b7b6cc94e8e0
[debug] [2020-03-29T23:33:47.966Z] [uploadQueue] Retrying task 9a6b9800d351a63cb05e43e08864ccd9f084fde94ee5a3eab24f606923bf561b
[debug] [2020-03-29T23:33:47.966Z] [uploadQueue] Retrying task 6dec5149b45d8630b06218c6b90b71f2130a8d5970b2d78b4b999ab471858bbc
[debug] [2020-03-29T23:33:47.970Z] [uploadQueue] Retrying task 9eedbdefdcac7ddde75be7047ec070b31067f068b8729f5a95c252a37577c123
[debug] [2020-03-29T23:33:47.970Z] [uploadQueue] Retrying task 11f6a50b16a419db0895748f5bafcb0f53fab8ed8f4838b30d2b642f0bd7fca0
[debug] [2020-03-29T23:33:47.979Z] [uploadQueue] Retrying task d1703f689583dad47d3c6ea7c389385e2022c2356e76a225539df5b138346f23
[debug] [2020-03-29T23:33:47.980Z] [uploadQueue] Retrying task 042ac143ba74249fd1334966baf6578a103d9d74653fc600e2caca63bece2f51
[debug] [2020-03-29T23:33:47.980Z] [uploadQueue] Retrying task f7bc1d7f8dd1f5753a7a2b6c23135b929390261ea7593ef83ee70714538e8883
[debug] [2020-03-29T23:33:48.006Z] [uploadQueue] Retrying task b6e9c896c2368f6a03b3211b9ce7c34b973062d8462e204743c4666aae7c0ef0
[debug] [2020-03-29T23:33:48.006Z] [uploadQueue] Retrying task 9f82ad2e2160d771f60b0f0f0c49a8f98c4e8d1689cb12572143d15ac8833b4b
[debug] [2020-03-29T23:33:48.226Z] [uploadQueue] Retrying task 2113f1e2990b2262039d055771939fa13a192807997b094ceb7cfc50d62d1bfe
[debug] [2020-03-29T23:33:48.228Z] [uploadQueue] Retrying task 2b8d7b31f47fdca889014e07a4e063dcfc771346803fafadd0baa073294740e2
[debug] [2020-03-29T23:33:48.229Z] [uploadQueue] Retrying task c4f7a358d5c36e2e2e566169bb97d18a7152a4c63b8b1f6874894bcd7605817a
[debug] [2020-03-29T23:33:48.231Z] [uploadQueue] Retrying task be2264470705474226b860085e992bb1866a9590dc165133c6b0236ad91bb582
[debug] [2020-03-29T23:33:48.233Z] [uploadQueue] Retrying task 663638022fac5479fe543e7ac98114ef40ea8fa55c909705b05c75da679971db
[debug] [2020-03-29T23:33:48.234Z] [uploadQueue] Retrying task 0fac0511972674d794d5f4f90ceef3f360efc2fe21c13776844a2cf5fc5912f1
[debug] [2020-03-29T23:33:48.234Z] [uploadQueue] Retrying task 33f19a85221e9991aaf120f34dd1f9c4751ee1fdf2d5029ed66117bbb1dd11b9
[debug] [2020-03-29T23:33:48.240Z] [uploadQueue] Retrying task a9143b17a9bf4f8a28d6eb81b714cebf434a0c5446ce00775663e5a628295f31
[debug] [2020-03-29T23:33:48.241Z] [uploadQueue] Retrying task d0f9cd890d011a7e3ec4015c55123a0133a9b47c7a61728d3b2185399804824e
[debug] [2020-03-29T23:33:48.241Z] [uploadQueue] Retrying task f9612dcfe3981e37c0963823b91c01d51de223ff6bb17655b4e59ce66846d657
[debug] [2020-03-29T23:33:48.242Z] [uploadQueue] Retrying task 55916e550ac12a1c41eda06ae3ede0e79f43cb10b70fe9d5df235fc5b28308e6
[debug] [2020-03-29T23:33:48.253Z] [uploadQueue] Retrying task 704af2711035b26b3cc1966971dae9738f705dfd083f5e5165ed4a10dd3e1844
[debug] [2020-03-29T23:33:48.254Z] [uploadQueue] Retrying task 6cebfdf71ca60e5b5b367ddebd5b2b270292ec7e8830a074ef88577958c580f4
[debug] [2020-03-29T23:33:48.262Z] [uploadQueue] Retrying task 9c87408386d025d04a02184244fe32002152b257337b90bf35823829ad5b6d70
[debug] [2020-03-29T23:33:48.263Z] [uploadQueue] Retrying task e7a8c0d722e63321b6157529ee3e1bf369078647606cc793138aacf66a3e2b79
[debug] [2020-03-29T23:33:48.263Z] [uploadQueue] Retrying task a042133de1a956ad0e34e5b3b696cf344650e789a3b404aaf8867a8d0014470b
[debug] [2020-03-29T23:33:48.263Z] [uploadQueue] Retrying task df61f1d6d8ed168340e37cc630dc8b054a971bd34731ec7852c9062d48b65616
[debug] [2020-03-29T23:33:48.263Z] [uploadQueue] Retrying task e7a9b6044110471091ff767b1f28eaf197d5b2737cb7b4cd501b03b0654c7b4f
[debug] [2020-03-29T23:33:48.271Z] [uploadQueue] Retrying task 45b7f40e2a9e82b3e472b849c7689d9654236b5868f3b5bb98a36913bae80da4
[debug] [2020-03-29T23:33:48.271Z] [uploadQueue] Retrying task d7577abc690575acba8dacf2eac045ae5ced68a604fc528b18cfedf64acad737
[debug] [2020-03-29T23:33:48.272Z] [uploadQueue] Retrying task cf59f9157413164eabc432bee30a309d7536ca89c48bc2f39e5d09b13c532b3f
[debug] [2020-03-29T23:33:48.281Z] [uploadQueue] Retrying task d5ecc22c677d698dd084e9388618d1d9aa120461833d5d8ee10a0996db3393fa
[debug] [2020-03-29T23:33:48.282Z] [uploadQueue] Retrying task c3bf1f39606a468e9b9a5b8471a409579b1a60645c0f2ac79481d611c6cebbcc
[debug] [2020-03-29T23:33:48.282Z] [uploadQueue] Retrying task 348267f227f33e4afa43462bbf1d51f9e1c316fb4b61768ac8f7e730d00d2f88
[debug] [2020-03-29T23:33:48.289Z] [uploadQueue] Retrying task ff8d30e46479ceadfed2765b0352bd8c56038d29497414ac678b444050f03747
[debug] [2020-03-29T23:34:09.788Z] [uploadQueue] Retrying task cc636db1163836db6bf629a828135791f650e66a3440755cfbd4648e79cb09e9
[debug] [2020-03-29T23:34:09.790Z] [uploadQueue] Retrying task 0e515fcfc59d4744366d362d5d28ed79692a1e7f43a7d97d17f465e48232847c
[debug] [2020-03-29T23:34:09.793Z] [uploadQueue] Retrying task cfafe24a179b552cb0a68b20b8ed1eefae1fc13283936b1bd35cc1693c3ddd59
[debug] [2020-03-29T23:34:09.806Z] [uploadQueue] Retrying task 9a2712592e012da00ef44c97cca88ec56cb1745bbef33e9566b6b7b6cc94e8e0
[debug] [2020-03-29T23:34:09.806Z] [uploadQueue] Retrying task 9a6b9800d351a63cb05e43e08864ccd9f084fde94ee5a3eab24f606923bf561b
[debug] [2020-03-29T23:34:09.812Z] [uploadQueue] Retrying task 11f6a50b16a419db0895748f5bafcb0f53fab8ed8f4838b30d2b642f0bd7fca0
[debug] [2020-03-29T23:34:09.816Z] [uploadQueue] Retrying task 9eedbdefdcac7ddde75be7047ec070b31067f068b8729f5a95c252a37577c123
[debug] [2020-03-29T23:34:09.818Z] [uploadQueue] Retrying task 6dec5149b45d8630b06218c6b90b71f2130a8d5970b2d78b4b999ab471858bbc
[debug] [2020-03-29T23:34:09.822Z] [uploadQueue] Retrying task 042ac143ba74249fd1334966baf6578a103d9d74653fc600e2caca63bece2f51
[debug] [2020-03-29T23:34:09.823Z] [uploadQueue] Retrying task d1703f689583dad47d3c6ea7c389385e2022c2356e76a225539df5b138346f23
[debug] [2020-03-29T23:34:09.823Z] [uploadQueue] Retrying task f7bc1d7f8dd1f5753a7a2b6c23135b929390261ea7593ef83ee70714538e8883
[debug] [2020-03-29T23:34:09.828Z] [uploadQueue] Retrying task b6e9c896c2368f6a03b3211b9ce7c34b973062d8462e204743c4666aae7c0ef0
[debug] [2020-03-29T23:34:09.829Z] [uploadQueue] Retrying task 9f82ad2e2160d771f60b0f0f0c49a8f98c4e8d1689cb12572143d15ac8833b4b
[debug] [2020-03-29T23:34:09.855Z] [uploadQueue] Retrying task d70b1b87a7707690041257fe59aaf81ab5f09b3eba0da1de53a270ca331fc7f1
[debug] [2020-03-29T23:34:10.049Z] [uploadQueue] Retrying task 2113f1e2990b2262039d055771939fa13a192807997b094ceb7cfc50d62d1bfe
[debug] [2020-03-29T23:34:10.060Z] [uploadQueue] Retrying task be2264470705474226b860085e992bb1866a9590dc165133c6b0236ad91bb582
[debug] [2020-03-29T23:34:10.064Z] [uploadQueue] Retrying task 2b8d7b31f47fdca889014e07a4e063dcfc771346803fafadd0baa073294740e2
[debug] [2020-03-29T23:34:10.067Z] [uploadQueue] Retrying task c4f7a358d5c36e2e2e566169bb97d18a7152a4c63b8b1f6874894bcd7605817a
[debug] [2020-03-29T23:34:10.074Z] [uploadQueue] Retrying task 663638022fac5479fe543e7ac98114ef40ea8fa55c909705b05c75da679971db
[debug] [2020-03-29T23:34:10.075Z] [uploadQueue] Retrying task 0fac0511972674d794d5f4f90ceef3f360efc2fe21c13776844a2cf5fc5912f1
[debug] [2020-03-29T23:34:10.075Z] [uploadQueue] Retrying task 33f19a85221e9991aaf120f34dd1f9c4751ee1fdf2d5029ed66117bbb1dd11b9
[debug] [2020-03-29T23:34:10.092Z] [uploadQueue] Retrying task a9143b17a9bf4f8a28d6eb81b714cebf434a0c5446ce00775663e5a628295f31
[debug] [2020-03-29T23:34:10.093Z] [uploadQueue] Retrying task 55916e550ac12a1c41eda06ae3ede0e79f43cb10b70fe9d5df235fc5b28308e6
[debug] [2020-03-29T23:34:10.093Z] [uploadQueue] Retrying task d0f9cd890d011a7e3ec4015c55123a0133a9b47c7a61728d3b2185399804824e
[debug] [2020-03-29T23:34:10.094Z] [uploadQueue] Retrying task f9612dcfe3981e37c0963823b91c01d51de223ff6bb17655b4e59ce66846d657
[debug] [2020-03-29T23:34:10.094Z] [uploadQueue] Retrying task 704af2711035b26b3cc1966971dae9738f705dfd083f5e5165ed4a10dd3e1844
[debug] [2020-03-29T23:34:10.110Z] [uploadQueue] Retrying task 6cebfdf71ca60e5b5b367ddebd5b2b270292ec7e8830a074ef88577958c580f4
[debug] [2020-03-29T23:34:10.110Z] [uploadQueue] Retrying task e7a9b6044110471091ff767b1f28eaf197d5b2737cb7b4cd501b03b0654c7b4f
[debug] [2020-03-29T23:34:10.110Z] [uploadQueue] Retrying task e7a8c0d722e63321b6157529ee3e1bf369078647606cc793138aacf66a3e2b79
[debug] [2020-03-29T23:34:10.110Z] [uploadQueue] Retrying task 9c87408386d025d04a02184244fe32002152b257337b90bf35823829ad5b6d70
[debug] [2020-03-29T23:34:10.111Z] [uploadQueue] Retrying task df61f1d6d8ed168340e37cc630dc8b054a971bd34731ec7852c9062d48b65616
[debug] [2020-03-29T23:34:10.111Z] [uploadQueue] Retrying task a042133de1a956ad0e34e5b3b696cf344650e789a3b404aaf8867a8d0014470b
[debug] [2020-03-29T23:34:10.111Z] [uploadQueue] Retrying task cf59f9157413164eabc432bee30a309d7536ca89c48bc2f39e5d09b13c532b3f
[debug] [2020-03-29T23:34:10.111Z] [uploadQueue] Retrying task d5ecc22c677d698dd084e9388618d1d9aa120461833d5d8ee10a0996db3393fa
[debug] [2020-03-29T23:34:10.111Z] [uploadQueue] Retrying task d7577abc690575acba8dacf2eac045ae5ced68a604fc528b18cfedf64acad737
[debug] [2020-03-29T23:34:10.111Z] [uploadQueue] Retrying task 45b7f40e2a9e82b3e472b849c7689d9654236b5868f3b5bb98a36913bae80da4
[debug] [2020-03-29T23:34:10.112Z] [uploadQueue] Retrying task 348267f227f33e4afa43462bbf1d51f9e1c316fb4b61768ac8f7e730d00d2f88
[debug] [2020-03-29T23:34:10.112Z] [uploadQueue] Retrying task ff8d30e46479ceadfed2765b0352bd8c56038d29497414ac678b444050f03747
[debug] [2020-03-29T23:34:10.112Z] [uploadQueue] Retrying task c3bf1f39606a468e9b9a5b8471a409579b1a60645c0f2ac79481d611c6cebbcc
[debug] [2020-03-29T23:34:31.663Z] [uploadQueue] Retrying task d70b1b87a7707690041257fe59aaf81ab5f09b3eba0da1de53a270ca331fc7f1
[debug] [2020-03-29T23:34:32.410Z] [uploadQueue] Retrying task cc636db1163836db6bf629a828135791f650e66a3440755cfbd4648e79cb09e9
[debug] [2020-03-29T23:34:32.413Z] [uploadQueue] Retrying task cfafe24a179b552cb0a68b20b8ed1eefae1fc13283936b1bd35cc1693c3ddd59
[debug] [2020-03-29T23:34:32.413Z] [uploadQueue] Retrying task 0e515fcfc59d4744366d362d5d28ed79692a1e7f43a7d97d17f465e48232847c
[debug] [2020-03-29T23:34:32.416Z] [uploadQueue] Retrying task 9a6b9800d351a63cb05e43e08864ccd9f084fde94ee5a3eab24f606923bf561b
[debug] [2020-03-29T23:34:32.420Z] [uploadQueue] Retrying task 9a2712592e012da00ef44c97cca88ec56cb1745bbef33e9566b6b7b6cc94e8e0
[debug] [2020-03-29T23:34:32.427Z] [uploadQueue] Retrying task 11f6a50b16a419db0895748f5bafcb0f53fab8ed8f4838b30d2b642f0bd7fca0
[debug] [2020-03-29T23:34:32.433Z] [uploadQueue] Retrying task 9eedbdefdcac7ddde75be7047ec070b31067f068b8729f5a95c252a37577c123
[debug] [2020-03-29T23:34:32.437Z] [uploadQueue] Retrying task 042ac143ba74249fd1334966baf6578a103d9d74653fc600e2caca63bece2f51
[debug] [2020-03-29T23:34:32.438Z] [uploadQueue] Retrying task 6dec5149b45d8630b06218c6b90b71f2130a8d5970b2d78b4b999ab471858bbc
[debug] [2020-03-29T23:34:32.441Z] [uploadQueue] Retrying task f7bc1d7f8dd1f5753a7a2b6c23135b929390261ea7593ef83ee70714538e8883
[debug] [2020-03-29T23:34:32.441Z] [uploadQueue] Retrying task d1703f689583dad47d3c6ea7c389385e2022c2356e76a225539df5b138346f23
[debug] [2020-03-29T23:34:32.441Z] [uploadQueue] Retrying task b6e9c896c2368f6a03b3211b9ce7c34b973062d8462e204743c4666aae7c0ef0
[debug] [2020-03-29T23:34:32.441Z] [uploadQueue] Retrying task 9f82ad2e2160d771f60b0f0f0c49a8f98c4e8d1689cb12572143d15ac8833b4b
[debug] [2020-03-29T23:34:32.658Z] [uploadQueue] Retrying task 2113f1e2990b2262039d055771939fa13a192807997b094ceb7cfc50d62d1bfe
[debug] [2020-03-29T23:34:32.689Z] [uploadQueue] Retrying task be2264470705474226b860085e992bb1866a9590dc165133c6b0236ad91bb582
[debug] [2020-03-29T23:34:32.724Z] [uploadQueue] Retrying task 2b8d7b31f47fdca889014e07a4e063dcfc771346803fafadd0baa073294740e2
[debug] [2020-03-29T23:34:32.726Z] [uploadQueue] Retrying task 33f19a85221e9991aaf120f34dd1f9c4751ee1fdf2d5029ed66117bbb1dd11b9
[debug] [2020-03-29T23:34:32.726Z] [uploadQueue] Retrying task c4f7a358d5c36e2e2e566169bb97d18a7152a4c63b8b1f6874894bcd7605817a
[debug] [2020-03-29T23:34:32.732Z] [uploadQueue] Retrying task 663638022fac5479fe543e7ac98114ef40ea8fa55c909705b05c75da679971db
[debug] [2020-03-29T23:34:32.732Z] [uploadQueue] Retrying task 0fac0511972674d794d5f4f90ceef3f360efc2fe21c13776844a2cf5fc5912f1
[debug] [2020-03-29T23:34:32.742Z] [uploadQueue] Retrying task 55916e550ac12a1c41eda06ae3ede0e79f43cb10b70fe9d5df235fc5b28308e6
[debug] [2020-03-29T23:34:32.749Z] [uploadQueue] Retrying task d0f9cd890d011a7e3ec4015c55123a0133a9b47c7a61728d3b2185399804824e
[debug] [2020-03-29T23:34:32.749Z] [uploadQueue] Retrying task f9612dcfe3981e37c0963823b91c01d51de223ff6bb17655b4e59ce66846d657
[debug] [2020-03-29T23:34:32.755Z] [uploadQueue] Retrying task 704af2711035b26b3cc1966971dae9738f705dfd083f5e5165ed4a10dd3e1844
[debug] [2020-03-29T23:34:32.759Z] [uploadQueue] Retrying task a9143b17a9bf4f8a28d6eb81b714cebf434a0c5446ce00775663e5a628295f31
[debug] [2020-03-29T23:34:32.760Z] [uploadQueue] Retrying task 9c87408386d025d04a02184244fe32002152b257337b90bf35823829ad5b6d70
[debug] [2020-03-29T23:34:32.767Z] [uploadQueue] Retrying task 6cebfdf71ca60e5b5b367ddebd5b2b270292ec7e8830a074ef88577958c580f4
[debug] [2020-03-29T23:34:32.767Z] [uploadQueue] Retrying task e7a9b6044110471091ff767b1f28eaf197d5b2737cb7b4cd501b03b0654c7b4f
[debug] [2020-03-29T23:34:32.768Z] [uploadQueue] Retrying task cf59f9157413164eabc432bee30a309d7536ca89c48bc2f39e5d09b13c532b3f
[debug] [2020-03-29T23:34:32.768Z] [uploadQueue] Retrying task df61f1d6d8ed168340e37cc630dc8b054a971bd34731ec7852c9062d48b65616
[debug] [2020-03-29T23:34:32.768Z] [uploadQueue] Retrying task a042133de1a956ad0e34e5b3b696cf344650e789a3b404aaf8867a8d0014470b
[debug] [2020-03-29T23:34:32.769Z] [uploadQueue] Retrying task e7a8c0d722e63321b6157529ee3e1bf369078647606cc793138aacf66a3e2b79
[debug] [2020-03-29T23:34:32.769Z] [uploadQueue] Retrying task 348267f227f33e4afa43462bbf1d51f9e1c316fb4b61768ac8f7e730d00d2f88
[debug] [2020-03-29T23:34:32.769Z] [uploadQueue] Retrying task c3bf1f39606a468e9b9a5b8471a409579b1a60645c0f2ac79481d611c6cebbcc
[debug] [2020-03-29T23:34:32.769Z] [uploadQueue] Retrying task 45b7f40e2a9e82b3e472b849c7689d9654236b5868f3b5bb98a36913bae80da4
[debug] [2020-03-29T23:34:32.770Z] [uploadQueue] Retrying task ff8d30e46479ceadfed2765b0352bd8c56038d29497414ac678b444050f03747
[debug] [2020-03-29T23:34:32.770Z] [uploadQueue] Retrying task d5ecc22c677d698dd084e9388618d1d9aa120461833d5d8ee10a0996db3393fa
[debug] [2020-03-29T23:34:32.772Z] [uploadQueue] Retrying task d7577abc690575acba8dacf2eac045ae5ced68a604fc528b18cfedf64acad737
[debug] [2020-03-29T23:34:38.447Z] [uploadQueue] Retrying task abd92ec87c2fd05cc8303b5bac6c0d49b22af3d7bd55acab04c70644e76affd3
[debug] [2020-03-29T23:34:39.497Z] [uploadQueue] Retrying task df66f090e999d1dbbb8135cd174c945c2c7e45498fd6fbbad1f248f9db4107d1
[debug] [2020-03-29T23:34:39.499Z] [uploadQueue] Retrying task 410979531a3b08a5d16f3705621a93275f44440a998a3de4a3bfb3335d067ad4
[debug] [2020-03-29T23:34:39.516Z] [uploadQueue] Retrying task d03d2b2b23731cf205b4b28e8e0650f17bd43d4ed03367609a92457937ed8212
[debug] [2020-03-29T23:34:39.942Z] [uploadQueue] Retrying task f406c1012c0491acefa55b20ace6b590c52d2a4da1262263e3207f103b1dbe11
[debug] [2020-03-29T23:34:40.105Z] [uploadQueue] Retrying task 527fae099c1ef1b69d5698983d842d272788d47bc6dc5ced6dc6b6aa49a34eaf
[debug] [2020-03-29T23:34:40.132Z] [uploadQueue] Retrying task 4fd310ff44d7f00f43742b07fac15b6a2b20b95b0d14d020dd45283879448faa
[debug] [2020-03-29T23:34:40.172Z] [uploadQueue] Retrying task 260d680cbcd313af17b1f8b3e31cf2542dfa758bbd5dcd39f8fcd6c5af5c0e35
[debug] [2020-03-29T23:34:40.178Z] [uploadQueue] Retrying task 3f1df796913c30ccbe1544035518d20fe0f3ff9913d5fd32b9d1fe2d3b7646ed
[debug] [2020-03-29T23:34:40.218Z] [uploadQueue] Retrying task 47ff0d39b7ddfe0b61c6d86e42480ca18751940acd052325784a77411351589e
[debug] [2020-03-29T23:34:40.223Z] [uploadQueue] Retrying task ffd4905f11b3d1a48021dc0c654981f8fb969f27a3c71d31992518fc43c843b1
[debug] [2020-03-29T23:34:40.230Z] [uploadQueue] Retrying task e677fce59488b1a065406a91452c5ad6ca2fe95f532a656ef7f85b526fb2fd11
[debug] [2020-03-29T23:34:45.067Z] [uploadQueue] Retrying task d1b0812c39bc720873c49f133c3fcd9ad6d5e5e05e3bddb7fbcc8f294325fc76
[debug] [2020-03-29T23:34:52.108Z] [uploadQueue] Retrying task be21d0ffda39edb49dc656fa2a3785e7daaa6c3a0eae0f5cf63eaad8bc591e60
[debug] [2020-03-29T23:34:54.276Z] [uploadQueue] Retrying task d70b1b87a7707690041257fe59aaf81ab5f09b3eba0da1de53a270ca331fc7f1
[debug] [2020-03-29T23:34:56.622Z] [uploadQueue] Retrying task cc636db1163836db6bf629a828135791f650e66a3440755cfbd4648e79cb09e9
[debug] [2020-03-29T23:34:56.630Z] [uploadQueue] Retrying task 0e515fcfc59d4744366d362d5d28ed79692a1e7f43a7d97d17f465e48232847c
[debug] [2020-03-29T23:34:56.630Z] [uploadQueue] Retrying task cfafe24a179b552cb0a68b20b8ed1eefae1fc13283936b1bd35cc1693c3ddd59
[debug] [2020-03-29T23:34:56.633Z] [uploadQueue] Retrying task 9a6b9800d351a63cb05e43e08864ccd9f084fde94ee5a3eab24f606923bf561b
[debug] [2020-03-29T23:34:56.634Z] [uploadQueue] Retrying task 9a2712592e012da00ef44c97cca88ec56cb1745bbef33e9566b6b7b6cc94e8e0
[debug] [2020-03-29T23:34:56.637Z] [uploadQueue] Retrying task 11f6a50b16a419db0895748f5bafcb0f53fab8ed8f4838b30d2b642f0bd7fca0
[debug] [2020-03-29T23:34:56.649Z] [uploadQueue] Retrying task 9eedbdefdcac7ddde75be7047ec070b31067f068b8729f5a95c252a37577c123
[debug] [2020-03-29T23:34:56.656Z] [uploadQueue] Retrying task 042ac143ba74249fd1334966baf6578a103d9d74653fc600e2caca63bece2f51
[debug] [2020-03-29T23:34:56.657Z] [uploadQueue] Retrying task 6dec5149b45d8630b06218c6b90b71f2130a8d5970b2d78b4b999ab471858bbc
[debug] [2020-03-29T23:34:56.658Z] [uploadQueue] Retrying task 9f82ad2e2160d771f60b0f0f0c49a8f98c4e8d1689cb12572143d15ac8833b4b
[debug] [2020-03-29T23:34:56.658Z] [uploadQueue] Retrying task f7bc1d7f8dd1f5753a7a2b6c23135b929390261ea7593ef83ee70714538e8883
[debug] [2020-03-29T23:34:56.658Z] [uploadQueue] Retrying task d1703f689583dad47d3c6ea7c389385e2022c2356e76a225539df5b138346f23
[debug] [2020-03-29T23:34:56.659Z] [uploadQueue] Retrying task b6e9c896c2368f6a03b3211b9ce7c34b973062d8462e204743c4666aae7c0ef0
[debug] [2020-03-29T23:34:56.867Z] [uploadQueue] Retrying task 2113f1e2990b2262039d055771939fa13a192807997b094ceb7cfc50d62d1bfe
[debug] [2020-03-29T23:34:56.906Z] [uploadQueue] Retrying task be2264470705474226b860085e992bb1866a9590dc165133c6b0236ad91bb582
[debug] [2020-03-29T23:34:56.945Z] [uploadQueue] Retrying task 33f19a85221e9991aaf120f34dd1f9c4751ee1fdf2d5029ed66117bbb1dd11b9
[debug] [2020-03-29T23:34:56.950Z] [uploadQueue] Retrying task 2b8d7b31f47fdca889014e07a4e063dcfc771346803fafadd0baa073294740e2
[debug] [2020-03-29T23:34:56.954Z] [uploadQueue] Retrying task 663638022fac5479fe543e7ac98114ef40ea8fa55c909705b05c75da679971db
[debug] [2020-03-29T23:34:56.955Z] [uploadQueue] Retrying task 0fac0511972674d794d5f4f90ceef3f360efc2fe21c13776844a2cf5fc5912f1
[debug] [2020-03-29T23:34:56.967Z] [uploadQueue] Retrying task c4f7a358d5c36e2e2e566169bb97d18a7152a4c63b8b1f6874894bcd7605817a
[debug] [2020-03-29T23:34:56.982Z] [uploadQueue] Retrying task d0f9cd890d011a7e3ec4015c55123a0133a9b47c7a61728d3b2185399804824e
[debug] [2020-03-29T23:34:56.983Z] [uploadQueue] Retrying task 704af2711035b26b3cc1966971dae9738f705dfd083f5e5165ed4a10dd3e1844
[debug] [2020-03-29T23:34:56.984Z] [uploadQueue] Retrying task 55916e550ac12a1c41eda06ae3ede0e79f43cb10b70fe9d5df235fc5b28308e6
[debug] [2020-03-29T23:34:56.998Z] [uploadQueue] Retrying task f9612dcfe3981e37c0963823b91c01d51de223ff6bb17655b4e59ce66846d657
[debug] [2020-03-29T23:34:57.008Z] [uploadQueue] Retrying task 9c87408386d025d04a02184244fe32002152b257337b90bf35823829ad5b6d70
[debug] [2020-03-29T23:34:57.012Z] [uploadQueue] Retrying task df61f1d6d8ed168340e37cc630dc8b054a971bd34731ec7852c9062d48b65616
[debug] [2020-03-29T23:34:57.012Z] [uploadQueue] Retrying task cf59f9157413164eabc432bee30a309d7536ca89c48bc2f39e5d09b13c532b3f
[debug] [2020-03-29T23:34:57.012Z] [uploadQueue] Retrying task 348267f227f33e4afa43462bbf1d51f9e1c316fb4b61768ac8f7e730d00d2f88
[debug] [2020-03-29T23:34:57.013Z] [uploadQueue] Retrying task e7a9b6044110471091ff767b1f28eaf197d5b2737cb7b4cd501b03b0654c7b4f
[debug] [2020-03-29T23:34:57.017Z] [uploadQueue] Retrying task a042133de1a956ad0e34e5b3b696cf344650e789a3b404aaf8867a8d0014470b
[debug] [2020-03-29T23:34:57.017Z] [uploadQueue] Retrying task a9143b17a9bf4f8a28d6eb81b714cebf434a0c5446ce00775663e5a628295f31
[debug] [2020-03-29T23:34:57.017Z] [uploadQueue] Retrying task 6cebfdf71ca60e5b5b367ddebd5b2b270292ec7e8830a074ef88577958c580f4
[debug] [2020-03-29T23:34:57.018Z] [uploadQueue] Retrying task c3bf1f39606a468e9b9a5b8471a409579b1a60645c0f2ac79481d611c6cebbcc
[debug] [2020-03-29T23:34:57.020Z] [uploadQueue] Retrying task d5ecc22c677d698dd084e9388618d1d9aa120461833d5d8ee10a0996db3393fa
[debug] [2020-03-29T23:34:57.020Z] [uploadQueue] Retrying task d7577abc690575acba8dacf2eac045ae5ced68a604fc528b18cfedf64acad737
[debug] [2020-03-29T23:34:57.032Z] [uploadQueue] Retrying task ff8d30e46479ceadfed2765b0352bd8c56038d29497414ac678b444050f03747
[debug] [2020-03-29T23:34:57.032Z] [uploadQueue] Retrying task 45b7f40e2a9e82b3e472b849c7689d9654236b5868f3b5bb98a36913bae80da4
[debug] [2020-03-29T23:34:57.032Z] [uploadQueue] Retrying task e7a8c0d722e63321b6157529ee3e1bf369078647606cc793138aacf66a3e2b79
[debug] [2020-03-29T23:35:00.265Z] [uploadQueue] Retrying task abd92ec87c2fd05cc8303b5bac6c0d49b22af3d7bd55acab04c70644e76affd3
[debug] [2020-03-29T23:35:01.304Z] [uploadQueue] Retrying task df66f090e999d1dbbb8135cd174c945c2c7e45498fd6fbbad1f248f9db4107d1
[debug] [2020-03-29T23:35:01.305Z] [uploadQueue] Retrying task 410979531a3b08a5d16f3705621a93275f44440a998a3de4a3bfb3335d067ad4
[debug] [2020-03-29T23:35:01.322Z] [uploadQueue] Retrying task d03d2b2b23731cf205b4b28e8e0650f17bd43d4ed03367609a92457937ed8212
[debug] [2020-03-29T23:35:01.607Z] [uploadQueue] Retrying task ab62df0328805da67f4262e396d3c0618777ae04afada7cdcff7087fa8769b62
[debug] [2020-03-29T23:35:01.756Z] [uploadQueue] Retrying task f406c1012c0491acefa55b20ace6b590c52d2a4da1262263e3207f103b1dbe11
[debug] [2020-03-29T23:35:01.916Z] [uploadQueue] Retrying task 527fae099c1ef1b69d5698983d842d272788d47bc6dc5ced6dc6b6aa49a34eaf
[debug] [2020-03-29T23:35:01.945Z] [uploadQueue] Retrying task 4fd310ff44d7f00f43742b07fac15b6a2b20b95b0d14d020dd45283879448faa
[debug] [2020-03-29T23:35:01.985Z] [uploadQueue] Retrying task 260d680cbcd313af17b1f8b3e31cf2542dfa758bbd5dcd39f8fcd6c5af5c0e35
[debug] [2020-03-29T23:35:01.988Z] [uploadQueue] Retrying task 3f1df796913c30ccbe1544035518d20fe0f3ff9913d5fd32b9d1fe2d3b7646ed
[debug] [2020-03-29T23:35:02.029Z] [uploadQueue] Retrying task 47ff0d39b7ddfe0b61c6d86e42480ca18751940acd052325784a77411351589e
[debug] [2020-03-29T23:35:02.035Z] [uploadQueue] Retrying task ffd4905f11b3d1a48021dc0c654981f8fb969f27a3c71d31992518fc43c843b1
[debug] [2020-03-29T23:35:02.050Z] [uploadQueue] Retrying task e677fce59488b1a065406a91452c5ad6ca2fe95f532a656ef7f85b526fb2fd11
[debug] [2020-03-29T23:35:06.938Z] [uploadQueue] Retrying task d1b0812c39bc720873c49f133c3fcd9ad6d5e5e05e3bddb7fbcc8f294325fc76
[debug] [2020-03-29T23:35:09.269Z] [uploadQueue] Retrying task 1262ec61952f7fb91bfa3caa32f1b01a4294d6d7bc99bb26316b907c16ee1621
[debug] [2020-03-29T23:35:13.520Z] [uploadQueue] Retrying task 0469551fa58ffc093c1ee71a3174f49a80d431a14616f1c2ed62ee7cc40c9c33
[debug] [2020-03-29T23:35:13.879Z] [uploadQueue] Retrying task 331ddf81955ba40fcb5f701c11999908e6b2fb69ea848530ae96a9195a7fd8f0
[debug] [2020-03-29T23:35:13.918Z] [uploadQueue] Retrying task be21d0ffda39edb49dc656fa2a3785e7daaa6c3a0eae0f5cf63eaad8bc591e60
[debug] [2020-03-29T23:35:18.504Z] [uploadQueue] Retrying task d70b1b87a7707690041257fe59aaf81ab5f09b3eba0da1de53a270ca331fc7f1
[debug] [2020-03-29T23:35:19.651Z] [uploadQueue] Retrying task 9271d8bdc6b7133010e5ec08dd242ae4f8ad4f7f33fcb076885c2da9413dc2d9
[debug] [2020-03-29T23:35:22.871Z] [uploadQueue] Retrying task abd92ec87c2fd05cc8303b5bac6c0d49b22af3d7bd55acab04c70644e76affd3
